{"C:\\Users\\lasse\\Desktop\\whatscooking\\src\\components\\onboarding\\useOnboardingState.ts": {"path":"C:\\Users\\lasse\\Desktop\\whatscooking\\src\\components\\onboarding\\useOnboardingState.ts","statementMap":{"0":{"start":{"line":26,"column":16},"end":{"line":26,"column":35}},"1":{"start":{"line":2,"column":38},"end":{"line":2,"column":null}},"2":{"start":{"line":5,"column":39},"end":{"line":12,"column":null}},"3":{"start":{"line":15,"column":2},"end":{"line":18,"column":null}},"4":{"start":{"line":16,"column":16},"end":{"line":16,"column":null}},"5":{"start":{"line":17,"column":4},"end":{"line":17,"column":null}},"6":{"start":{"line":17,"column":13},"end":{"line":17,"column":null}},"7":{"start":{"line":19,"column":2},"end":{"line":19,"column":null}},"8":{"start":{"line":23,"column":2},"end":{"line":23,"column":null}},"9":{"start":{"line":23,"column":8},"end":{"line":23,"column":64}},"10":{"start":{"line":27,"column":25},"end":{"line":27,"column":37}},"11":{"start":{"line":28,"column":27},"end":{"line":28,"column":53}},"12":{"start":{"line":29,"column":25},"end":{"line":29,"column":53}},"13":{"start":{"line":31,"column":28},"end":{"line":31,"column":null}},"14":{"start":{"line":31,"column":60},"end":{"line":31,"column":null}},"15":{"start":{"line":33,"column":17},"end":{"line":39,"column":null}},"16":{"start":{"line":34,"column":4},"end":{"line":38,"column":null}},"17":{"start":{"line":35,"column":19},"end":{"line":35,"column":null}},"18":{"start":{"line":36,"column":6},"end":{"line":36,"column":null}},"19":{"start":{"line":37,"column":6},"end":{"line":37,"column":null}},"20":{"start":{"line":41,"column":24},"end":{"line":50,"column":null}},"21":{"start":{"line":42,"column":4},"end":{"line":49,"column":null}},"22":{"start":{"line":43,"column":23},"end":{"line":43,"column":null}},"23":{"start":{"line":44,"column":36},"end":{"line":46,"column":null}},"24":{"start":{"line":47,"column":6},"end":{"line":47,"column":null}},"25":{"start":{"line":48,"column":6},"end":{"line":48,"column":null}},"26":{"start":{"line":52,"column":22},"end":{"line":61,"column":null}},"27":{"start":{"line":53,"column":4},"end":{"line":60,"column":null}},"28":{"start":{"line":54,"column":23},"end":{"line":54,"column":null}},"29":{"start":{"line":55,"column":36},"end":{"line":57,"column":null}},"30":{"start":{"line":58,"column":6},"end":{"line":58,"column":null}},"31":{"start":{"line":59,"column":6},"end":{"line":59,"column":null}},"32":{"start":{"line":63,"column":29},"end":{"line":70,"column":null}},"33":{"start":{"line":64,"column":4},"end":{"line":69,"column":null}},"34":{"start":{"line":65,"column":6},"end":{"line":65,"column":null}},"35":{"start":{"line":65,"column":52},"end":{"line":65,"column":null}},"36":{"start":{"line":66,"column":19},"end":{"line":66,"column":null}},"37":{"start":{"line":67,"column":6},"end":{"line":67,"column":null}},"38":{"start":{"line":68,"column":6},"end":{"line":68,"column":null}},"39":{"start":{"line":72,"column":24},"end":{"line":79,"column":null}},"40":{"start":{"line":73,"column":4},"end":{"line":78,"column":null}},"41":{"start":{"line":74,"column":6},"end":{"line":74,"column":null}},"42":{"start":{"line":74,"column":47},"end":{"line":74,"column":null}},"43":{"start":{"line":75,"column":19},"end":{"line":75,"column":null}},"44":{"start":{"line":76,"column":6},"end":{"line":76,"column":null}},"45":{"start":{"line":77,"column":6},"end":{"line":77,"column":null}},"46":{"start":{"line":81,"column":20},"end":{"line":87,"column":null}},"47":{"start":{"line":82,"column":4},"end":{"line":86,"column":null}},"48":{"start":{"line":83,"column":19},"end":{"line":83,"column":null}},"49":{"start":{"line":84,"column":6},"end":{"line":84,"column":null}},"50":{"start":{"line":85,"column":6},"end":{"line":85,"column":null}},"51":{"start":{"line":89,"column":15},"end":{"line":89,"column":null}},"52":{"start":{"line":89,"column":33},"end":{"line":89,"column":59}},"53":{"start":{"line":91,"column":18},"end":{"line":95,"column":null}},"54":{"start":{"line":92,"column":34},"end":{"line":92,"column":null}},"55":{"start":{"line":93,"column":4},"end":{"line":93,"column":null}},"56":{"start":{"line":94,"column":4},"end":{"line":94,"column":null}},"57":{"start":{"line":97,"column":2},"end":{"line":97,"column":null}}},"fnMap":{"0":{"name":"loadState","decl":{"start":{"line":14,"column":9},"end":{"line":14,"column":19}},"loc":{"start":{"line":14,"column":37},"end":{"line":20,"column":null}}},"1":{"name":"saveState","decl":{"start":{"line":22,"column":9},"end":{"line":22,"column":19}},"loc":{"start":{"line":22,"column":61},"end":{"line":24,"column":null}}},"2":{"name":"useOnboardingState","decl":{"start":{"line":26,"column":16},"end":{"line":26,"column":35}},"loc":{"start":{"line":26,"column":59},"end":{"line":98,"column":null}}},"3":{"name":"(anonymous_4)","decl":{"start":{"line":31,"column":54},"end":{"line":31,"column":60}},"loc":{"start":{"line":31,"column":60},"end":{"line":31,"column":null}}},"4":{"name":"(anonymous_5)","decl":{"start":{"line":33,"column":29},"end":{"line":33,"column":30}},"loc":{"start":{"line":33,"column":30},"end":{"line":39,"column":5}}},"5":{"name":"(anonymous_6)","decl":{"start":{"line":34,"column":13},"end":{"line":34,"column":null}},"loc":{"start":{"line":34,"column":13},"end":{"line":38,"column":null}}},"6":{"name":"(anonymous_7)","decl":{"start":{"line":41,"column":36},"end":{"line":41,"column":null}},"loc":{"start":{"line":41,"column":36},"end":{"line":50,"column":5}}},"7":{"name":"(anonymous_8)","decl":{"start":{"line":42,"column":13},"end":{"line":42,"column":null}},"loc":{"start":{"line":42,"column":13},"end":{"line":49,"column":null}}},"8":{"name":"(anonymous_9)","decl":{"start":{"line":52,"column":34},"end":{"line":52,"column":null}},"loc":{"start":{"line":52,"column":34},"end":{"line":61,"column":5}}},"9":{"name":"(anonymous_10)","decl":{"start":{"line":53,"column":13},"end":{"line":53,"column":null}},"loc":{"start":{"line":53,"column":13},"end":{"line":60,"column":null}}},"10":{"name":"(anonymous_11)","decl":{"start":{"line":63,"column":41},"end":{"line":63,"column":42}},"loc":{"start":{"line":63,"column":42},"end":{"line":70,"column":5}}},"11":{"name":"(anonymous_12)","decl":{"start":{"line":64,"column":13},"end":{"line":64,"column":null}},"loc":{"start":{"line":64,"column":13},"end":{"line":69,"column":null}}},"12":{"name":"(anonymous_13)","decl":{"start":{"line":72,"column":36},"end":{"line":72,"column":37}},"loc":{"start":{"line":72,"column":37},"end":{"line":79,"column":5}}},"13":{"name":"(anonymous_14)","decl":{"start":{"line":73,"column":13},"end":{"line":73,"column":null}},"loc":{"start":{"line":73,"column":13},"end":{"line":78,"column":null}}},"14":{"name":"(anonymous_15)","decl":{"start":{"line":81,"column":32},"end":{"line":81,"column":33}},"loc":{"start":{"line":81,"column":49},"end":{"line":87,"column":5}}},"15":{"name":"(anonymous_16)","decl":{"start":{"line":82,"column":13},"end":{"line":82,"column":null}},"loc":{"start":{"line":82,"column":13},"end":{"line":86,"column":null}}},"16":{"name":"(anonymous_17)","decl":{"start":{"line":89,"column":27},"end":{"line":89,"column":33}},"loc":{"start":{"line":89,"column":33},"end":{"line":89,"column":59}}},"17":{"name":"(anonymous_18)","decl":{"start":{"line":91,"column":30},"end":{"line":91,"column":null}},"loc":{"start":{"line":91,"column":30},"end":{"line":95,"column":5}}}},"branchMap":{"0":{"loc":{"start":{"line":17,"column":4},"end":{"line":17,"column":null}},"type":"if","locations":[{"start":{"line":17,"column":4},"end":{"line":17,"column":null}},{"start":{},"end":{}}]},"1":{"loc":{"start":{"line":44,"column":36},"end":{"line":46,"column":null}},"type":"cond-expr","locations":[{"start":{"line":45,"column":10},"end":{"line":45,"column":null}},{"start":{"line":46,"column":10},"end":{"line":46,"column":null}}]},"2":{"loc":{"start":{"line":55,"column":36},"end":{"line":57,"column":null}},"type":"cond-expr","locations":[{"start":{"line":56,"column":10},"end":{"line":56,"column":null}},{"start":{"line":57,"column":10},"end":{"line":57,"column":null}}]},"3":{"loc":{"start":{"line":65,"column":6},"end":{"line":65,"column":null}},"type":"if","locations":[{"start":{"line":65,"column":6},"end":{"line":65,"column":null}},{"start":{},"end":{}}]},"4":{"loc":{"start":{"line":74,"column":6},"end":{"line":74,"column":null}},"type":"if","locations":[{"start":{"line":74,"column":6},"end":{"line":74,"column":null}},{"start":{},"end":{}}]}},"s":{"0":19,"1":1,"2":1,"3":10,"4":10,"5":10,"6":5,"7":5,"8":9,"9":9,"10":19,"11":19,"12":19,"13":19,"14":10,"15":19,"16":1,"17":1,"18":1,"19":1,"20":19,"21":3,"22":3,"23":3,"24":3,"25":3,"26":19,"27":2,"28":2,"29":2,"30":2,"31":2,"32":19,"33":0,"34":0,"35":0,"36":0,"37":0,"38":0,"39":19,"40":1,"41":1,"42":0,"43":1,"44":1,"45":1,"46":19,"47":1,"48":1,"49":1,"50":1,"51":19,"52":1,"53":19,"54":1,"55":1,"56":1,"57":19},"f":{"0":10,"1":9,"2":19,"3":10,"4":1,"5":1,"6":3,"7":3,"8":2,"9":2,"10":0,"11":0,"12":1,"13":1,"14":1,"15":1,"16":1,"17":1},"b":{"0":[5,5],"1":[1,2],"2":[1,1],"3":[0,0],"4":[0,1]}}
}
