TN:
SF:src\components\onboarding\useOnboardingState.ts
FN:14,loadState
FN:22,saveState
FN:26,useOnboardingState
FN:31,(anonymous_4)
FN:33,(anonymous_5)
FN:34,(anonymous_6)
FN:41,(anonymous_7)
FN:42,(anonymous_8)
FN:52,(anonymous_9)
FN:53,(anonymous_10)
FN:63,(anonymous_11)
FN:64,(anonymous_12)
FN:72,(anonymous_13)
FN:73,(anonymous_14)
FN:81,(anonymous_15)
FN:82,(anonymous_16)
FN:89,(anonymous_17)
FN:91,(anonymous_18)
FNF:18
FNH:16
FNDA:10,loadState
FNDA:9,saveState
FNDA:19,useOnboardingState
FNDA:10,(anonymous_4)
FNDA:1,(anonymous_5)
FNDA:1,(anonymous_6)
FNDA:3,(anonymous_7)
FNDA:3,(anonymous_8)
FNDA:2,(anonymous_9)
FNDA:2,(anonymous_10)
FNDA:0,(anonymous_11)
FNDA:0,(anonymous_12)
FNDA:1,(anonymous_13)
FNDA:1,(anonymous_14)
FNDA:1,(anonymous_15)
FNDA:1,(anonymous_16)
FNDA:1,(anonymous_17)
FNDA:1,(anonymous_18)
DA:2,1
DA:5,1
DA:15,10
DA:16,10
DA:17,10
DA:19,5
DA:23,9
DA:26,19
DA:27,19
DA:28,19
DA:29,19
DA:31,19
DA:33,19
DA:34,1
DA:35,1
DA:36,1
DA:37,1
DA:41,19
DA:42,3
DA:43,3
DA:44,3
DA:47,3
DA:48,3
DA:52,19
DA:53,2
DA:54,2
DA:55,2
DA:58,2
DA:59,2
DA:63,19
DA:64,0
DA:65,0
DA:66,0
DA:67,0
DA:68,0
DA:72,19
DA:73,1
DA:74,1
DA:75,1
DA:76,1
DA:77,1
DA:81,19
DA:82,1
DA:83,1
DA:84,1
DA:85,1
DA:89,19
DA:91,19
DA:92,1
DA:93,1
DA:94,1
DA:97,19
LF:52
LH:47
BRDA:17,0,0,5
BRDA:17,0,1,5
BRDA:44,1,0,1
BRDA:44,1,1,2
BRDA:55,2,0,1
BRDA:55,2,1,1
BRDA:65,3,0,0
BRDA:65,3,1,0
BRDA:74,4,0,0
BRDA:74,4,1,1
BRF:10
BRH:7
end_of_record
